#
# There is insufficient memory for the Java Runtime Environment to continue.
# Native memory allocation (mmap) failed to map 130023424 bytes for G1 virtual space
# Possible reasons:
#   The system is out of physical RAM or swap space
#   The process is running with CompressedOops enabled, and the Java Heap may be blocking the growth of the native heap
# Possible solutions:
#   Reduce memory load on the system
#   Increase physical memory or swap space
#   Check if swap backing store is full
#   Decrease Java heap size (-Xmx/-Xms)
#   Decrease number of Java threads
#   Decrease Java thread stack sizes (-Xss)
#   Set larger code cache with -XX:ReservedCodeCacheSize=
#   JVM is running with Unscaled Compressed Oops mode in which the Java heap is
#     placed in the first 4GB address space. The Java Heap base address is the
#     maximum limit for the native heap growth. Please use -XX:HeapBaseMinAddress
#     to set the Java Heap base and to place the Java Heap above 4GB virtual address.
# This output file may be truncated or incomplete.
#
#  Out of Memory Error (os_windows.cpp:3548), pid=114660, tid=117220
#
# JRE version:  (17.0.11+7) (build )
# Java VM: Java HotSpot(TM) 64-Bit Server VM (17.0.11+7-LTS-207, mixed mode, sharing, tiered, compressed oops, compressed class ptrs, g1 gc, windows-amd64)
# No core dump will be written. Minidumps are not enabled by default on client versions of Windows
#

---------------  S U M M A R Y ------------

Command Line: -javaagent:C:\Users\jorda\AppData\Local\JetBrains\IntelliJ IDEA Community Edition 2024.1.1\lib\idea_rt.jar=56493:C:\Users\jorda\AppData\Local\JetBrains\IntelliJ IDEA Community Edition 2024.1.1\bin -Dfile.encoding=UTF-8 com.jordan.checklistvehicle.ChecklistVehicleApplication

Host: 11th Gen Intel(R) Core(TM) i5-1135G7 @ 2.40GHz, 8 cores, 7G,  Windows 11 , 64 bit Build 22621 (10.0.22621.5262)
Time: Thu Jul 10 14:43:43 2025 Hora oficial do Brasil elapsed time: 0.032770 seconds (0d 0h 0m 0s)

---------------  T H R E A D  ---------------

Current thread (0x000001a109fbd2b0):  JavaThread "Unknown thread" [_thread_in_vm, id=117220, stack(0x0000006bbb100000,0x0000006bbb200000)]

Stack: [0x0000006bbb100000,0x0000006bbb200000]
Native frames: (J=compiled Java code, j=interpreted, Vv=VM code, C=native code)
V  [jvm.dll+0x679cca]
V  [jvm.dll+0x7da13d]
V  [jvm.dll+0x7dba83]
V  [jvm.dll+0x7dc0f3]
V  [jvm.dll+0x2449af]
V  [jvm.dll+0x676ce9]
V  [jvm.dll+0x66b852]
V  [jvm.dll+0x3018d6]
V  [jvm.dll+0x308e76]
V  [jvm.dll+0x3596ee]
V  [jvm.dll+0x35991f]
V  [jvm.dll+0x2d89a8]
V  [jvm.dll+0x2d9914]
V  [jvm.dll+0x7ac6b1]
V  [jvm.dll+0x366f61]
V  [jvm.dll+0x78b609]
V  [jvm.dll+0x3ec22f]
V  [jvm.dll+0x3ede61]
C  [jli.dll+0x5297]
C  [ucrtbase.dll+0x29333]
C  [KERNEL32.DLL+0x1259d]
C  [ntdll.dll+0x5af58]


---------------  P R O C E S S  ---------------

Threads class SMR info:
_java_thread_list=0x00007fffb9af7a18, length=0, elements={
}

Java Threads: ( => current thread )

Other Threads:
  0x000001a10a016810 GCTaskThread "GC Thread#0" [stack: 0x0000006bbb200000,0x0000006bbb300000] [id=112836]
  0x000001a10a028f00 ConcurrentGCThread "G1 Main Marker" [stack: 0x0000006bbb300000,0x0000006bbb400000] [id=50440]
  0x000001a10a029910 ConcurrentGCThread "G1 Conc#0" [stack: 0x0000006bbb400000,0x0000006bbb500000] [id=14776]

[error occurred during error reporting (printing all threads), id 0xc0000005, EXCEPTION_ACCESS_VIOLATION (0xc0000005) at pc=0x00007fffb9329497]

VM state: not at safepoint (not fully initialized)

VM Mutex/Monitor currently owned by a thread:  ([mutex/lock_event])
[0x000001a109fb70e0] Heap_lock - owner thread: 0x000001a109fbd2b0

Heap address: 0x0000000084400000, size: 1980 MB, Compressed Oops mode: 32-bit

CDS archive(s) mapped at: [0x0000000000000000-0x0000000000000000-0x0000000000000000), size 0, SharedBaseAddress: 0x0000000800000000, ArchiveRelocationMode: 1.
Narrow klass base: 0x0000000000000000, Narrow klass shift: 0, Narrow klass range: 0x0

GC Precious Log:
<Empty>

Heap:
 garbage-first heap   total 0K, used 0K [0x0000000084400000, 0x0000000100000000)
  region size 1024K, 0 young (0K), 0 survivors (0K)

[error occurred during error reporting (printing heap information), id 0xc0000005, EXCEPTION_ACCESS_VIOLATION (0xc0000005) at pc=0x00007fffb9713559]

GC Heap History (0 events):
No events

Deoptimization events (0 events):
No events

Classes unloaded (0 events):
No events

Classes redefined (0 events):
No events

Internal exceptions (0 events):
No events

VM Operations (0 events):
No events

Events (1 events):
Event: 0.022 Loaded shared library C:\Program Files\Java\jdk-17\bin\java.dll


Dynamic libraries:
0x00007ff745e40000 - 0x00007ff745e50000 	C:\Program Files\Java\jdk-17\bin\java.exe
0x00007ff85c970000 - 0x00007ff85cb87000 	C:\WINDOWS\SYSTEM32\ntdll.dll
0x00007ff8197a0000 - 0x00007ff8197c0000 	C:\Program Files\Avast Software\Avast\aswhook.dll
0x00007ff85a600000 - 0x00007ff85a6c4000 	C:\WINDOWS\System32\KERNEL32.DLL
0x00007ff859b80000 - 0x00007ff859f53000 	C:\WINDOWS\System32\KERNELBASE.dll
0x00007ff85a2b0000 - 0x00007ff85a3c1000 	C:\WINDOWS\System32\ucrtbase.dll
0x00007ff84f870000 - 0x00007ff84f88b000 	C:\Program Files\Java\jdk-17\bin\VCRUNTIME140.dll
0x00007ff84d300000 - 0x00007ff84d319000 	C:\Program Files\Java\jdk-17\bin\jli.dll
0x00007ff85c760000 - 0x00007ff85c811000 	C:\WINDOWS\System32\ADVAPI32.dll
0x00007ff85b180000 - 0x00007ff85b227000 	C:\WINDOWS\System32\msvcrt.dll
0x00007ff85a760000 - 0x00007ff85a807000 	C:\WINDOWS\System32\sechost.dll
0x00007ff85a3d0000 - 0x00007ff85a3f8000 	C:\WINDOWS\System32\bcrypt.dll
0x00007ff85a930000 - 0x00007ff85aa44000 	C:\WINDOWS\System32\RPCRT4.dll
0x00007ff85abc0000 - 0x00007ff85ad71000 	C:\WINDOWS\System32\USER32.dll
0x00007ff85a200000 - 0x00007ff85a226000 	C:\WINDOWS\System32\win32u.dll
0x00007ff85aa50000 - 0x00007ff85aa79000 	C:\WINDOWS\System32\GDI32.dll
0x00007ff859f60000 - 0x00007ff85a082000 	C:\WINDOWS\System32\gdi32full.dll
0x00007ff859ae0000 - 0x00007ff859b7a000 	C:\WINDOWS\System32\msvcp_win.dll
0x00007ff84a4e0000 - 0x00007ff84a77b000 	C:\WINDOWS\WinSxS\amd64_microsoft.windows.common-controls_6595b64144ccf1df_6.0.22621.5262_none_2712bde373830908\COMCTL32.dll
0x00007ff84ca10000 - 0x00007ff84ca1a000 	C:\WINDOWS\SYSTEM32\VERSION.dll
0x00007ff85ab00000 - 0x00007ff85ab31000 	C:\WINDOWS\System32\IMM32.DLL
0x00007ff849d00000 - 0x00007ff849d0c000 	C:\Program Files\Java\jdk-17\bin\vcruntime140_1.dll
0x00007ff839800000 - 0x00007ff83988e000 	C:\Program Files\Java\jdk-17\bin\msvcp140.dll
0x00007fffb9040000 - 0x00007fffb9c20000 	C:\Program Files\Java\jdk-17\bin\server\jvm.dll
0x00007ff85b120000 - 0x00007ff85b128000 	C:\WINDOWS\System32\PSAPI.DLL
0x00007ff8426c0000 - 0x00007ff8426c9000 	C:\WINDOWS\SYSTEM32\WSOCK32.dll
0x00007ff85c6e0000 - 0x00007ff85c751000 	C:\WINDOWS\System32\WS2_32.dll
0x00007ff851e50000 - 0x00007ff851e84000 	C:\WINDOWS\SYSTEM32\WINMM.dll
0x00007ff858ad0000 - 0x00007ff858ae8000 	C:\WINDOWS\SYSTEM32\kernel.appcore.dll
0x00007ff848700000 - 0x00007ff84870a000 	C:\Program Files\Java\jdk-17\bin\jimage.dll
0x00007ff8573f0000 - 0x00007ff857622000 	C:\WINDOWS\SYSTEM32\DBGHELP.DLL
0x00007ff85b8e0000 - 0x00007ff85bc73000 	C:\WINDOWS\System32\combase.dll
0x00007ff85af70000 - 0x00007ff85b047000 	C:\WINDOWS\System32\OLEAUT32.dll
0x00007ff847a00000 - 0x00007ff847a32000 	C:\WINDOWS\SYSTEM32\dbgcore.DLL
0x00007ff859a60000 - 0x00007ff859adb000 	C:\WINDOWS\System32\bcryptPrimitives.dll
0x00007ff843d10000 - 0x00007ff843d1e000 	C:\Program Files\Java\jdk-17\bin\instrument.dll
0x00007ff843d60000 - 0x00007ff843d85000 	C:\Program Files\Java\jdk-17\bin\java.dll

dbghelp: loaded successfully - version: 4.0.5 - missing functions: none
symbol engine: initialized successfully - sym options: 0x614 - pdb path: .;C:\Program Files\Java\jdk-17\bin;C:\WINDOWS\SYSTEM32;C:\Program Files\Avast Software\Avast;C:\WINDOWS\WinSxS\amd64_microsoft.windows.common-controls_6595b64144ccf1df_6.0.22621.5262_none_2712bde373830908;C:\Program Files\Java\jdk-17\bin\server

VM Arguments:
jvm_args: -javaagent:C:\Users\jorda\AppData\Local\JetBrains\IntelliJ IDEA Community Edition 2024.1.1\lib\idea_rt.jar=56493:C:\Users\jorda\AppData\Local\JetBrains\IntelliJ IDEA Community Edition 2024.1.1\bin -Dfile.encoding=UTF-8 
java_command: com.jordan.checklistvehicle.ChecklistVehicleApplication
java_class_path (initial): C:\Users\jorda\ms-atividadeDiaria\checklist-vehicle\checklist-vehicle\target\classes;C:\Users\jorda\.m2\repository\org\springframework\boot\spring-boot-starter-data-jpa\3.4.4\spring-boot-starter-data-jpa-3.4.4.jar;C:\Users\jorda\.m2\repository\org\springframework\boot\spring-boot-starter\3.4.4\spring-boot-starter-3.4.4.jar;C:\Users\jorda\.m2\repository\org\springframework\boot\spring-boot-starter-logging\3.4.4\spring-boot-starter-logging-3.4.4.jar;C:\Users\jorda\.m2\repository\ch\qos\logback\logback-classic\1.5.18\logback-classic-1.5.18.jar;C:\Users\jorda\.m2\repository\ch\qos\logback\logback-core\1.5.18\logback-core-1.5.18.jar;C:\Users\jorda\.m2\repository\org\apache\logging\log4j\log4j-to-slf4j\2.24.3\log4j-to-slf4j-2.24.3.jar;C:\Users\jorda\.m2\repository\org\apache\logging\log4j\log4j-api\2.24.3\log4j-api-2.24.3.jar;C:\Users\jorda\.m2\repository\org\slf4j\jul-to-slf4j\2.0.17\jul-to-slf4j-2.0.17.jar;C:\Users\jorda\.m2\repository\jakarta\annotation\jakarta.annotation-api\2.1.1\jakarta.annotation-api-2.1.1.jar;C:\Users\jorda\.m2\repository\org\yaml\snakeyaml\2.3\snakeyaml-2.3.jar;C:\Users\jorda\.m2\repository\org\springframework\boot\spring-boot-starter-jdbc\3.4.4\spring-boot-starter-jdbc-3.4.4.jar;C:\Users\jorda\.m2\repository\com\zaxxer\HikariCP\5.1.0\HikariCP-5.1.0.jar;C:\Users\jorda\.m2\repository\org\springframework\spring-jdbc\6.2.5\spring-jdbc-6.2.5.jar;C:\Users\jorda\.m2\repository\org\hibernate\orm\hibernate-core\6.6.11.Final\hibernate-core-6.6.11.Final.jar;C:\Users\jorda\.m2\repository\jakarta\persistence\jakarta.persistence-api\3.1.0\jakarta.persistence-api-3.1.0.jar;C:\Users\jorda\.m2\repository\jakarta\transaction\jakarta.transaction-api\2.0.1\jakarta.transaction-api-2.0.1.jar;C:\Users\jorda\.m2\repository\org\jboss\logging\jboss-logging\3.6.1.Final\jboss-logging-3.6.1.Final.jar;C:\Users\jorda\.m2\repository\org\hibernate\common\hibernate-commons-annotations\7.0.3.Final\hibernate-commons-annotations-7.0.3.Final.jar;C:\Users
Launcher Type: SUN_STANDARD

[Global flags]
     intx CICompilerCount                          = 4                                         {product} {ergonomic}
     uint ConcGCThreads                            = 2                                         {product} {ergonomic}
     uint G1ConcRefinementThreads                  = 8                                         {product} {ergonomic}
   size_t G1HeapRegionSize                         = 1048576                                   {product} {ergonomic}
    uintx GCDrainStackTargetSize                   = 64                                        {product} {ergonomic}
   size_t InitialHeapSize                          = 130023424                                 {product} {ergonomic}
   size_t MarkStackSize                            = 4194304                                   {product} {ergonomic}
   size_t MaxHeapSize                              = 2076180480                                {product} {ergonomic}
   size_t MinHeapDeltaBytes                        = 1048576                                   {product} {ergonomic}
   size_t MinHeapSize                              = 8388608                                   {product} {ergonomic}
    uintx NonNMethodCodeHeapSize                   = 5839372                                {pd product} {ergonomic}
    uintx NonProfiledCodeHeapSize                  = 122909434                              {pd product} {ergonomic}
    uintx ProfiledCodeHeapSize                     = 122909434                              {pd product} {ergonomic}
    uintx ReservedCodeCacheSize                    = 251658240                              {pd product} {ergonomic}
     bool SegmentedCodeCache                       = true                                      {product} {ergonomic}
   size_t SoftMaxHeapSize                          = 2076180480                             {manageable} {ergonomic}
     bool UseCompressedClassPointers               = true                           {product lp64_product} {ergonomic}
     bool UseCompressedOops                        = true                           {product lp64_product} {ergonomic}
     bool UseG1GC                                  = true                                      {product} {ergonomic}
     bool UseLargePagesIndividualAllocation        = false                                  {pd product} {ergonomic}

Logging:
Log output configuration:
 #0: stdout all=warning uptime,level,tags
 #1: stderr all=off uptime,level,tags

Environment Variables:
JAVA_HOME=C:\Program Files\Java\jdk-17
PATH=C:\Program Files\Common Files\Oracle\Java\javapath;C:\WINDOWS\system32;C:\WINDOWS;C:\WINDOWS\System32\Wbem;C:\WINDOWS\System32\WindowsPowerShell\v1.0\;C:\WINDOWS\System32\OpenSSH\;C:\ProgramData\chocolatey\bin;C:\xampp\php;C:\ProgramData\ComposerSetup\bin;C:\Program Files\Docker\Docker\resources\bin;C:\Program Files\nodejs\;C:\Program Files\MySQL\MySQLWorkbench.exe;C:\Program Files\apache-maven-3.9.9\bin;C:\Program Files\Java\jdk-17\bin;C:\Program Files\MySQL\MySQL Server 8.0\bin;C:\Program Files\Git\cmd;C:\Program Files\PostgreSQL\15\bin;C:\Users\jorda\AppData\Local\Microsoft\WindowsApps;;C:\Users\jorda\AppData\Local\Programs\Microsoft VS Code\bin;C:\Users\jorda\AppData\Local\JetBrains\PyCharm Community Edition 2022.3\bin;;C:\Users\jorda\AppData\Roaming\Composer\vendor\bin;C:\Users\jorda\AppData\Roaming\npm;C:\Program Files\JetBrains\PhpStorm 2023.3.4\bin;;C:\Users\jorda\AppData\Local\JetBrains\IntelliJ IDEA Community Edition 2024.1.1\bin;
USERNAME=jorda
OS=Windows_NT
PROCESSOR_IDENTIFIER=Intel64 Family 6 Model 140 Stepping 1, GenuineIntel



---------------  S Y S T E M  ---------------

OS:
 Windows 11 , 64 bit Build 22621 (10.0.22621.5262)
OS uptime: 8 days 18:05 hours
Hyper-V role detected

CPU: total 8 (initial active 8) (4 cores per cpu, 2 threads per core) family 6 model 140 stepping 1 microcode 0x8a, cx8, cmov, fxsr, ht, mmx, 3dnowpref, sse, sse2, sse3, ssse3, sse4.1, sse4.2, popcnt, lzcnt, tsc, tscinvbit, avx, avx2, aes, erms, clmul, bmi1, bmi2, adx, avx512f, avx512dq, avx512cd, avx512bw, avx512vl, sha, fma, vzeroupper, avx512_vpopcntdq, avx512_vpclmulqdq, avx512_vaes, avx512_vnni, clflush, clflushopt, clwb, avx512_vbmi2, avx512_vbmi, hv

Memory: 4k page, system-wide physical 7915M (360M free)
TotalPageFile size 32491M (AvailPageFile size 19M)
current process WorkingSet (physical memory assigned to process): 12M, peak: 12M
current process commit charge ("private bytes"): 60M, peak: 184M

vm_info: Java HotSpot(TM) 64-Bit Server VM (17.0.11+7-LTS-207) for windows-amd64 JRE (17.0.11+7-LTS-207), built on Mar 11 2024 19:01:50 by "mach5one" with MS VC++ 17.6 (VS2022)

END.
