#
# There is insufficient memory for the Java Runtime Environment to continue.
# Native memory allocation (malloc) failed to allocate 735520 bytes for Chunk::new
# Possible reasons:
#   The system is out of physical RAM or swap space
#   The process is running with CompressedOops enabled, and the Java Heap may be blocking the growth of the native heap
# Possible solutions:
#   Reduce memory load on the system
#   Increase physical memory or swap space
#   Check if swap backing store is full
#   Decrease Java heap size (-Xmx/-Xms)
#   Decrease number of Java threads
#   Decrease Java thread stack sizes (-Xss)
#   Set larger code cache with -XX:ReservedCodeCacheSize=
#   JVM is running with Unscaled Compressed Oops mode in which the Java heap is
#     placed in the first 4GB address space. The Java Heap base address is the
#     maximum limit for the native heap growth. Please use -XX:HeapBaseMinAddress
#     to set the Java Heap base and to place the Java Heap above 4GB virtual address.
# This output file may be truncated or incomplete.
#
#  Out of Memory Error (arena.cpp:189), pid=110016, tid=122308
#
# JRE version: Java(TM) SE Runtime Environment (17.0.11+7) (build 17.0.11+7-LTS-207)
# Java VM: Java HotSpot(TM) 64-Bit Server VM (17.0.11+7-LTS-207, mixed mode, sharing, tiered, compressed oops, compressed class ptrs, g1 gc, windows-amd64)
# No core dump will be written. Minidumps are not enabled by default on client versions of Windows
#

---------------  S U M M A R Y ------------

Command Line: -javaagent:C:\Users\jorda\AppData\Local\JetBrains\IntelliJ IDEA Community Edition 2024.1.1\lib\idea_rt.jar=64063:C:\Users\jorda\AppData\Local\JetBrains\IntelliJ IDEA Community Edition 2024.1.1\bin -Dfile.encoding=UTF-8 com.jordan.checklistvehicle.ChecklistVehicleApplication

Host: 11th Gen Intel(R) Core(TM) i5-1135G7 @ 2.40GHz, 8 cores, 7G,  Windows 11 , 64 bit Build 22621 (10.0.22621.5262)
Time: Thu Jul 10 16:16:01 2025 Hora oficial do Brasil elapsed time: 261.005086 seconds (0d 0h 4m 21s)

---------------  T H R E A D  ---------------

Current thread (0x0000021c1e9d7c30):  JavaThread "C2 CompilerThread0" daemon [_thread_in_native, id=122308, stack(0x0000002777400000,0x0000002777500000)]


Current CompileTask:
C2: 261005 6741       4       java.lang.invoke.MethodType::makeImpl (109 bytes)

Stack: [0x0000002777400000,0x0000002777500000]
Native frames: (J=compiled Java code, j=interpreted, Vv=VM code, C=native code)
V  [jvm.dll+0x679cca]
V  [jvm.dll+0x7da13d]
V  [jvm.dll+0x7dba83]
V  [jvm.dll+0x7dc0f3]
V  [jvm.dll+0x2449af]
V  [jvm.dll+0xab83b]
V  [jvm.dll+0xabe1c]
V  [jvm.dll+0x3615ae]
V  [jvm.dll+0x1b9fca]
V  [jvm.dll+0x216337]
V  [jvm.dll+0x21560f]
V  [jvm.dll+0x1a2040]
V  [jvm.dll+0x225a2b]
V  [jvm.dll+0x223bcb]
V  [jvm.dll+0x7903ec]
V  [jvm.dll+0x78a85a]
V  [jvm.dll+0x678bb5]
C  [ucrtbase.dll+0x29333]
C  [KERNEL32.DLL+0x1259d]
C  [ntdll.dll+0x5af58]


---------------  P R O C E S S  ---------------

Threads class SMR info:
_java_thread_list=0x0000021c67053780, length=36, elements={
0x0000021c1e9bccf0, 0x0000021c1e9bd6b0, 0x0000021c1e9cf430, 0x0000021c1e9cfdf0,
0x0000021c1e9d2fd0, 0x0000021c1e9d6150, 0x0000021c1e9d7c30, 0x0000021c1e9e2710,
0x0000021c1e9ef430, 0x0000021c1e9edae0, 0x0000021c1e9ed0c0, 0x0000021c1e9edff0,
0x0000021c1e9ebc80, 0x0000021c1e9ec190, 0x0000021c1e9ec6a0, 0x0000021c6666cec0,
0x0000021c6666c9b0, 0x0000021c6666bf90, 0x0000021c6666f740, 0x0000021c6666ddf0,
0x0000021c666724d0, 0x0000021c66671fc0, 0x0000021c6666f230, 0x0000021c6666fc50,
0x0000021c66670160, 0x0000021c6666d3d0, 0x0000021c66670670, 0x0000021c666729e0,
0x0000021c666715a0, 0x0000021c6666ba80, 0x0000021c6666e810, 0x0000021c672874c0,
0x0000021c67286080, 0x0000021c67286590, 0x0000021c672879d0, 0x0000021c67289320
}

Java Threads: ( => current thread )
  0x0000021c1e9bccf0 JavaThread "Reference Handler" daemon [_thread_blocked, id=107564, stack(0x0000002776e00000,0x0000002776f00000)]
  0x0000021c1e9bd6b0 JavaThread "Finalizer" daemon [_thread_blocked, id=99276, stack(0x0000002776f00000,0x0000002777000000)]
  0x0000021c1e9cf430 JavaThread "Signal Dispatcher" daemon [_thread_blocked, id=123736, stack(0x0000002777000000,0x0000002777100000)]
  0x0000021c1e9cfdf0 JavaThread "Attach Listener" daemon [_thread_blocked, id=123884, stack(0x0000002777100000,0x0000002777200000)]
  0x0000021c1e9d2fd0 JavaThread "Service Thread" daemon [_thread_blocked, id=91464, stack(0x0000002777200000,0x0000002777300000)]
  0x0000021c1e9d6150 JavaThread "Monitor Deflation Thread" daemon [_thread_blocked, id=117552, stack(0x0000002777300000,0x0000002777400000)]
=>0x0000021c1e9d7c30 JavaThread "C2 CompilerThread0" daemon [_thread_in_native, id=122308, stack(0x0000002777400000,0x0000002777500000)]
  0x0000021c1e9e2710 JavaThread "C1 CompilerThread0" daemon [_thread_blocked, id=55512, stack(0x0000002777500000,0x0000002777600000)]
  0x0000021c1e9ef430 JavaThread "Sweeper thread" daemon [_thread_blocked, id=124468, stack(0x0000002777600000,0x0000002777700000)]
  0x0000021c1e9edae0 JavaThread "Common-Cleaner" daemon [_thread_blocked, id=122496, stack(0x0000002777700000,0x0000002777800000)]
  0x0000021c1e9ed0c0 JavaThread "Monitor Ctrl-Break" daemon [_thread_in_native, id=123952, stack(0x0000002777800000,0x0000002777900000)]
  0x0000021c1e9edff0 JavaThread "Notification Thread" daemon [_thread_blocked, id=124192, stack(0x0000002777900000,0x0000002777a00000)]
  0x0000021c1e9ebc80 JavaThread "Catalina-utility-1" [_thread_blocked, id=112804, stack(0x0000002778600000,0x0000002778700000)]
  0x0000021c1e9ec190 JavaThread "Catalina-utility-2" [_thread_blocked, id=123288, stack(0x0000002778700000,0x0000002778800000)]
  0x0000021c1e9ec6a0 JavaThread "http-nio-8081-exec-1" daemon [_thread_blocked, id=9800, stack(0x0000002778800000,0x0000002778900000)]
  0x0000021c6666cec0 JavaThread "http-nio-8081-exec-2" daemon [_thread_blocked, id=75920, stack(0x0000002778900000,0x0000002778a00000)]
  0x0000021c6666c9b0 JavaThread "http-nio-8081-exec-3" daemon [_thread_blocked, id=124060, stack(0x0000002778a00000,0x0000002778b00000)]
  0x0000021c6666bf90 JavaThread "http-nio-8081-exec-4" daemon [_thread_blocked, id=117124, stack(0x0000002778b00000,0x0000002778c00000)]
  0x0000021c6666f740 JavaThread "http-nio-8081-exec-5" daemon [_thread_blocked, id=114480, stack(0x0000002778c00000,0x0000002778d00000)]
  0x0000021c6666ddf0 JavaThread "http-nio-8081-exec-6" daemon [_thread_blocked, id=114588, stack(0x0000002778d00000,0x0000002778e00000)]
  0x0000021c666724d0 JavaThread "http-nio-8081-exec-7" daemon [_thread_blocked, id=121104, stack(0x0000002778e00000,0x0000002778f00000)]
  0x0000021c66671fc0 JavaThread "http-nio-8081-exec-8" daemon [_thread_blocked, id=116460, stack(0x0000002778f00000,0x0000002779000000)]
  0x0000021c6666f230 JavaThread "http-nio-8081-exec-9" daemon [_thread_blocked, id=124264, stack(0x0000002779000000,0x0000002779100000)]
  0x0000021c6666fc50 JavaThread "http-nio-8081-exec-10" daemon [_thread_blocked, id=110720, stack(0x0000002779100000,0x0000002779200000)]
  0x0000021c66670160 JavaThread "container-0" [_thread_blocked, id=77472, stack(0x0000002779200000,0x0000002779300000)]
  0x0000021c6666d3d0 JavaThread "PostgreSQL-JDBC-Cleaner" daemon [_thread_blocked, id=9848, stack(0x0000002779400000,0x0000002779500000)]
  0x0000021c66670670 JavaThread "HikariPool-1 housekeeper" daemon [_thread_blocked, id=97844, stack(0x0000002779500000,0x0000002779600000)]
  0x0000021c666729e0 JavaThread "AsyncResolver-bootstrap-0" daemon [_thread_blocked, id=2972, stack(0x0000002779900000,0x0000002779a00000)]
  0x0000021c666715a0 JavaThread "DiscoveryClient-0" daemon [_thread_blocked, id=121668, stack(0x0000002779b00000,0x0000002779c00000)]
  0x0000021c6666ba80 JavaThread "DiscoveryClient-1" daemon [_thread_blocked, id=123980, stack(0x0000002779c00000,0x0000002779d00000)]
  0x0000021c6666e810 JavaThread "DiscoveryClient-InstanceInfoReplicator-0" daemon [_thread_blocked, id=122712, stack(0x0000002779d00000,0x0000002779e00000)]
  0x0000021c672874c0 JavaThread "DestroyJavaVM" [_thread_blocked, id=107012, stack(0x0000002776700000,0x0000002776800000)]
  0x0000021c67286080 JavaThread "DiscoveryClient-HeartbeatExecutor-0" daemon [_thread_blocked, id=108380, stack(0x0000002778100000,0x0000002778200000)]
  0x0000021c67286590 JavaThread "DiscoveryClient-CacheRefreshExecutor-0" daemon [_thread_blocked, id=123584, stack(0x0000002779600000,0x0000002779700000)]
  0x0000021c672879d0 JavaThread "SIGINT handler" daemon [_thread_blocked, id=107656, stack(0x0000002776400000,0x0000002776500000)]
  0x0000021c67289320 JavaThread "SpringApplicationShutdownHook" [_thread_in_Java, id=64520, stack(0x0000002776600000,0x0000002776700000)]

Other Threads:
  0x0000021c1e9b7340 VMThread "VM Thread" [stack: 0x0000002776d00000,0x0000002776e00000] [id=124616]
  0x0000021c640d35f0 WatcherThread [stack: 0x0000002777a00000,0x0000002777b00000] [id=77780]
  0x0000021c7e9e4300 GCTaskThread "GC Thread#0" [stack: 0x0000002776800000,0x0000002776900000] [id=124632]
  0x0000021c64a97000 GCTaskThread "GC Thread#1" [stack: 0x0000002777b00000,0x0000002777c00000] [id=114200]
  0x0000021c64ae2700 GCTaskThread "GC Thread#2" [stack: 0x0000002777c00000,0x0000002777d00000] [id=119908]
  0x0000021c64ae29c0 GCTaskThread "GC Thread#3" [stack: 0x0000002777d00000,0x0000002777e00000] [id=122148]
  0x0000021c64ae3290 GCTaskThread "GC Thread#4" [stack: 0x0000002777e00000,0x0000002777f00000] [id=95800]
  0x0000021c650b3520 GCTaskThread "GC Thread#5" [stack: 0x0000002778200000,0x0000002778300000] [id=85040]
  0x0000021c64b09fe0 GCTaskThread "GC Thread#6" [stack: 0x0000002778300000,0x0000002778400000] [id=109080]
  0x0000021c65328820 GCTaskThread "GC Thread#7" [stack: 0x0000002778400000,0x0000002778500000] [id=122020]
  0x0000021c7ea11cd0 ConcurrentGCThread "G1 Main Marker" [stack: 0x0000002776900000,0x0000002776a00000] [id=124304]
  0x0000021c7ea13e90 ConcurrentGCThread "G1 Conc#0" [stack: 0x0000002776a00000,0x0000002776b00000] [id=119148]
  0x0000021c6585dc20 ConcurrentGCThread "G1 Conc#1" [stack: 0x0000002778500000,0x0000002778600000] [id=118188]
  0x0000021c1e860600 ConcurrentGCThread "G1 Refine#0" [stack: 0x0000002776b00000,0x0000002776c00000] [id=112732]
  0x0000021c1e860f40 ConcurrentGCThread "G1 Service" [stack: 0x0000002776c00000,0x0000002776d00000] [id=124440]

Threads with active compile tasks:
C2 CompilerThread0   261065 6741       4       java.lang.invoke.MethodType::makeImpl (109 bytes)
C1 CompilerThread0   261065 6759       3       org.springframework.boot.ansi.AnsiOutput::buildDisabled (47 bytes)

VM state: not at safepoint (normal execution)

VM Mutex/Monitor currently owned by a thread: None

Heap address: 0x0000000084400000, size: 1980 MB, Compressed Oops mode: 32-bit

CDS archive(s) mapped at: [0x0000021c1f000000-0x0000021c1fbd0000-0x0000021c1fbd0000), size 12386304, SharedBaseAddress: 0x0000021c1f000000, ArchiveRelocationMode: 1.
Compressed class space mapped at: 0x0000021c20000000-0x0000021c60000000, reserved size: 1073741824
Narrow klass base: 0x0000021c1f000000, Narrow klass shift: 0, Narrow klass range: 0x100000000

GC Precious Log:
 CPUs: 8 total, 8 available
 Memory: 7915M
 Large Page Support: Disabled
 NUMA Support: Disabled
 Compressed Oops: Enabled (32-bit)
 Heap Region Size: 1M
 Heap Min Capacity: 8M
 Heap Initial Capacity: 124M
 Heap Max Capacity: 1980M
 Pre-touch: Disabled
 Parallel Workers: 8
 Concurrent Workers: 2
 Concurrent Refinement Workers: 8
 Periodic GC: Disabled

Heap:
 garbage-first heap   total 81920K, used 51849K [0x0000000084400000, 0x0000000100000000)
  region size 1024K, 15 young (15360K), 4 survivors (4096K)
 Metaspace       used 74209K, committed 74816K, reserved 1114112K
  class space    used 10310K, committed 10624K, reserved 1048576K

Heap Regions: E=young(eden), S=young(survivor), O=old, HS=humongous(starts), HC=humongous(continues), CS=collection set, F=free, OA=open archive, CA=closed archive, TAMS=top-at-mark-start (previous, next)
|   0|0x0000000084400000, 0x0000000084500000, 0x0000000084500000|100%|HS|  |TAMS 0x0000000084500000, 0x0000000084400000| Complete 
|   1|0x0000000084500000, 0x0000000084600000, 0x0000000084600000|100%|HS|  |TAMS 0x0000000084600000, 0x0000000084500000| Complete 
|   2|0x0000000084600000, 0x0000000084700000, 0x0000000084700000|100%| O|  |TAMS 0x0000000084700000, 0x0000000084600000| Untracked 
|   3|0x0000000084700000, 0x0000000084800000, 0x0000000084800000|100%| O|  |TAMS 0x0000000084800000, 0x0000000084700000| Untracked 
|   4|0x0000000084800000, 0x0000000084900000, 0x0000000084900000|100%| O|  |TAMS 0x0000000084900000, 0x0000000084800000| Untracked 
|   5|0x0000000084900000, 0x0000000084a00000, 0x0000000084a00000|100%| O|  |TAMS 0x0000000084a00000, 0x0000000084900000| Untracked 
|   6|0x0000000084a00000, 0x0000000084b00000, 0x0000000084b00000|100%| O|  |TAMS 0x0000000084b00000, 0x0000000084a00000| Untracked 
|   7|0x0000000084b00000, 0x0000000084c00000, 0x0000000084c00000|100%| O|  |TAMS 0x0000000084c00000, 0x0000000084b00000| Untracked 
|   8|0x0000000084c00000, 0x0000000084d00000, 0x0000000084d00000|100%| O|  |TAMS 0x0000000084d00000, 0x0000000084c00000| Untracked 
|   9|0x0000000084d00000, 0x0000000084e00000, 0x0000000084e00000|100%| O|  |TAMS 0x0000000084e00000, 0x0000000084d00000| Untracked 
|  10|0x0000000084e00000, 0x0000000084f00000, 0x0000000084f00000|100%| O|  |TAMS 0x0000000084f00000, 0x0000000084e00000| Untracked 
|  11|0x0000000084f00000, 0x0000000085000000, 0x0000000085000000|100%| O|  |TAMS 0x0000000085000000, 0x0000000084f00000| Untracked 
|  12|0x0000000085000000, 0x0000000085100000, 0x0000000085100000|100%| O|  |TAMS 0x0000000085100000, 0x0000000085000000| Untracked 
|  13|0x0000000085100000, 0x0000000085200000, 0x0000000085200000|100%| O|  |TAMS 0x0000000085200000, 0x0000000085100000| Untracked 
|  14|0x0000000085200000, 0x0000000085260c00, 0x0000000085300000| 37%| O|  |TAMS 0x0000000085260c00, 0x0000000085200000| Untracked 
|  15|0x0000000085300000, 0x0000000085400000, 0x0000000085400000|100%| O|  |TAMS 0x0000000085400000, 0x0000000085300000| Untracked 
|  16|0x0000000085400000, 0x0000000085500000, 0x0000000085500000|100%| O|  |TAMS 0x0000000085500000, 0x0000000085400000| Untracked 
|  17|0x0000000085500000, 0x0000000085600000, 0x0000000085600000|100%| O|  |TAMS 0x0000000085600000, 0x0000000085500000| Untracked 
|  18|0x0000000085600000, 0x0000000085700000, 0x0000000085700000|100%| O|  |TAMS 0x0000000085700000, 0x0000000085600000| Untracked 
|  19|0x0000000085700000, 0x0000000085800000, 0x0000000085800000|100%| O|  |TAMS 0x0000000085800000, 0x0000000085700000| Untracked 
|  20|0x0000000085800000, 0x0000000085900000, 0x0000000085900000|100%| O|  |TAMS 0x0000000085900000, 0x0000000085800000| Untracked 
|  21|0x0000000085900000, 0x0000000085a00000, 0x0000000085a00000|100%| O|  |TAMS 0x0000000085a00000, 0x0000000085900000| Untracked 
|  22|0x0000000085a00000, 0x0000000085b00000, 0x0000000085b00000|100%| O|  |TAMS 0x0000000085a93200, 0x0000000085a00000| Untracked 
|  23|0x0000000085b00000, 0x0000000085c00000, 0x0000000085c00000|100%| O|  |TAMS 0x0000000085b00000, 0x0000000085b00000| Untracked 
|  24|0x0000000085c00000, 0x0000000085d00000, 0x0000000085d00000|100%| O|  |TAMS 0x0000000085c00000, 0x0000000085c00000| Untracked 
|  25|0x0000000085d00000, 0x0000000085e00000, 0x0000000085e00000|100%| O|  |TAMS 0x0000000085e00000, 0x0000000085d00000| Untracked 
|  26|0x0000000085e00000, 0x0000000085f00000, 0x0000000085f00000|100%| O|  |TAMS 0x0000000085f00000, 0x0000000085e00000| Untracked 
|  27|0x0000000085f00000, 0x0000000086000000, 0x0000000086000000|100%| O|  |TAMS 0x0000000086000000, 0x0000000085f00000| Untracked 
|  28|0x0000000086000000, 0x0000000086100000, 0x0000000086100000|100%| O|  |TAMS 0x0000000086100000, 0x0000000086000000| Untracked 
|  29|0x0000000086100000, 0x0000000086200000, 0x0000000086200000|100%| O|  |TAMS 0x0000000086100000, 0x0000000086100000| Untracked 
|  30|0x0000000086200000, 0x0000000086300000, 0x0000000086300000|100%| O|  |TAMS 0x0000000086200000, 0x0000000086200000| Untracked 
|  31|0x0000000086300000, 0x0000000086400000, 0x0000000086400000|100%| O|  |TAMS 0x0000000086300000, 0x0000000086300000| Untracked 
|  32|0x0000000086400000, 0x0000000086500000, 0x0000000086500000|100%| O|  |TAMS 0x0000000086400000, 0x0000000086400000| Untracked 
|  33|0x0000000086500000, 0x0000000086600000, 0x0000000086600000|100%| O|  |TAMS 0x0000000086500000, 0x0000000086500000| Untracked 
|  34|0x0000000086600000, 0x0000000086700000, 0x0000000086700000|100%| O|  |TAMS 0x0000000086600000, 0x0000000086600000| Untracked 
|  35|0x0000000086700000, 0x0000000086800000, 0x0000000086800000|100%| O|  |TAMS 0x0000000086700000, 0x0000000086700000| Untracked 
|  36|0x0000000086800000, 0x0000000086900000, 0x0000000086900000|100%| O|  |TAMS 0x0000000086800000, 0x0000000086800000| Untracked 
|  37|0x0000000086900000, 0x0000000086986a00, 0x0000000086a00000| 52%| O|  |TAMS 0x0000000086900000, 0x0000000086900000| Untracked 
|  38|0x0000000086a00000, 0x0000000086a00000, 0x0000000086b00000|  0%| F|  |TAMS 0x0000000086a00000, 0x0000000086a00000| Untracked 
|  39|0x0000000086b00000, 0x0000000086b00000, 0x0000000086c00000|  0%| F|  |TAMS 0x0000000086b00000, 0x0000000086b00000| Untracked 
|  40|0x0000000086c00000, 0x0000000086c00000, 0x0000000086d00000|  0%| F|  |TAMS 0x0000000086c00000, 0x0000000086c00000| Untracked 
|  41|0x0000000086d00000, 0x0000000086d00000, 0x0000000086e00000|  0%| F|  |TAMS 0x0000000086d00000, 0x0000000086d00000| Untracked 
|  42|0x0000000086e00000, 0x0000000086e00000, 0x0000000086f00000|  0%| F|  |TAMS 0x0000000086e00000, 0x0000000086e00000| Untracked 
|  43|0x0000000086f00000, 0x0000000086f00000, 0x0000000087000000|  0%| F|  |TAMS 0x0000000086f00000, 0x0000000086f00000| Untracked 
|  44|0x0000000087000000, 0x0000000087000000, 0x0000000087100000|  0%| F|  |TAMS 0x0000000087000000, 0x0000000087000000| Untracked 
|  45|0x0000000087100000, 0x0000000087100000, 0x0000000087200000|  0%| F|  |TAMS 0x0000000087100000, 0x0000000087100000| Untracked 
|  46|0x0000000087200000, 0x00000000872bb1d0, 0x0000000087300000| 73%| S|CS|TAMS 0x0000000087200000, 0x0000000087200000| Complete 
|  47|0x0000000087300000, 0x0000000087400000, 0x0000000087400000|100%| S|CS|TAMS 0x0000000087300000, 0x0000000087300000| Complete 
|  48|0x0000000087400000, 0x0000000087500000, 0x0000000087500000|100%| S|CS|TAMS 0x0000000087400000, 0x0000000087400000| Complete 
|  49|0x0000000087500000, 0x0000000087500000, 0x0000000087600000|  0%| F|  |TAMS 0x0000000087500000, 0x0000000087500000| Untracked 
|  50|0x0000000087600000, 0x0000000087600000, 0x0000000087700000|  0%| F|  |TAMS 0x0000000087600000, 0x0000000087600000| Untracked 
|  51|0x0000000087700000, 0x0000000087700000, 0x0000000087800000|  0%| F|  |TAMS 0x0000000087700000, 0x0000000087700000| Untracked 
|  52|0x0000000087800000, 0x0000000087900000, 0x0000000087900000|100%| S|CS|TAMS 0x0000000087800000, 0x0000000087800000| Complete 
|  53|0x0000000087900000, 0x0000000087900000, 0x0000000087a00000|  0%| F|  |TAMS 0x0000000087900000, 0x0000000087900000| Untracked 
|  54|0x0000000087a00000, 0x0000000087a00000, 0x0000000087b00000|  0%| F|  |TAMS 0x0000000087a00000, 0x0000000087a00000| Untracked 
|  55|0x0000000087b00000, 0x0000000087b00000, 0x0000000087c00000|  0%| F|  |TAMS 0x0000000087b00000, 0x0000000087b00000| Untracked 
|  56|0x0000000087c00000, 0x0000000087c00000, 0x0000000087d00000|  0%| F|  |TAMS 0x0000000087c00000, 0x0000000087c00000| Untracked 
|  57|0x0000000087d00000, 0x0000000087d00000, 0x0000000087e00000|  0%| F|  |TAMS 0x0000000087d00000, 0x0000000087d00000| Untracked 
|  58|0x0000000087e00000, 0x0000000087e00000, 0x0000000087f00000|  0%| F|  |TAMS 0x0000000087e00000, 0x0000000087e00000| Untracked 
|  59|0x0000000087f00000, 0x0000000087f00000, 0x0000000088000000|  0%| F|  |TAMS 0x0000000087f00000, 0x0000000087f00000| Untracked 
|  60|0x0000000088000000, 0x0000000088000000, 0x0000000088100000|  0%| F|  |TAMS 0x0000000088000000, 0x0000000088000000| Untracked 
|  61|0x0000000088100000, 0x0000000088100000, 0x0000000088200000|  0%| F|  |TAMS 0x0000000088100000, 0x0000000088100000| Untracked 
|  62|0x0000000088200000, 0x0000000088200000, 0x0000000088300000|  0%| F|  |TAMS 0x0000000088200000, 0x0000000088200000| Untracked 
|  63|0x0000000088300000, 0x0000000088300000, 0x0000000088400000|  0%| F|  |TAMS 0x0000000088300000, 0x0000000088300000| Untracked 
|  64|0x0000000088400000, 0x0000000088400000, 0x0000000088500000|  0%| F|  |TAMS 0x0000000088400000, 0x0000000088400000| Untracked 
|  65|0x0000000088500000, 0x0000000088500000, 0x0000000088600000|  0%| F|  |TAMS 0x0000000088500000, 0x0000000088500000| Untracked 
|  66|0x0000000088600000, 0x0000000088600000, 0x0000000088700000|  0%| F|  |TAMS 0x0000000088600000, 0x0000000088600000| Untracked 
|  67|0x0000000088700000, 0x0000000088700000, 0x0000000088800000|  0%| F|  |TAMS 0x0000000088700000, 0x0000000088700000| Untracked 
|  68|0x0000000088800000, 0x0000000088800000, 0x0000000088900000|  0%| F|  |TAMS 0x0000000088800000, 0x0000000088800000| Untracked 
|  69|0x0000000088900000, 0x00000000889b3800, 0x0000000088a00000| 70%| E|  |TAMS 0x0000000088900000, 0x0000000088900000| Complete 
|  70|0x0000000088a00000, 0x0000000088b00000, 0x0000000088b00000|100%| E|CS|TAMS 0x0000000088a00000, 0x0000000088a00000| Complete 
|  71|0x0000000088b00000, 0x0000000088c00000, 0x0000000088c00000|100%| E|CS|TAMS 0x0000000088b00000, 0x0000000088b00000| Complete 
|  72|0x0000000088c00000, 0x0000000088d00000, 0x0000000088d00000|100%| E|CS|TAMS 0x0000000088c00000, 0x0000000088c00000| Complete 
|  73|0x0000000088d00000, 0x0000000088e00000, 0x0000000088e00000|100%| E|CS|TAMS 0x0000000088d00000, 0x0000000088d00000| Complete 
|  74|0x0000000088e00000, 0x0000000088f00000, 0x0000000088f00000|100%| E|CS|TAMS 0x0000000088e00000, 0x0000000088e00000| Complete 
| 101|0x000000008a900000, 0x000000008aa00000, 0x000000008aa00000|100%| E|CS|TAMS 0x000000008a900000, 0x000000008a900000| Complete 
| 102|0x000000008aa00000, 0x000000008ab00000, 0x000000008ab00000|100%| E|CS|TAMS 0x000000008aa00000, 0x000000008aa00000| Complete 
| 103|0x000000008ab00000, 0x000000008ac00000, 0x000000008ac00000|100%| E|CS|TAMS 0x000000008ab00000, 0x000000008ab00000| Complete 
| 104|0x000000008ac00000, 0x000000008ad00000, 0x000000008ad00000|100%| E|CS|TAMS 0x000000008ac00000, 0x000000008ac00000| Complete 
| 123|0x000000008bf00000, 0x000000008c000000, 0x000000008c000000|100%| E|CS|TAMS 0x000000008bf00000, 0x000000008bf00000| Complete 

Card table byte_map: [0x0000021c17c00000,0x0000021c17fe0000] _byte_map_base: 0x0000021c177de000

Marking Bits (Prev, Next): (CMBitMap*) 0x0000021c7e9e4960, (CMBitMap*) 0x0000021c7e9e4920
 Prev Bits: [0x0000021c1a2b0000, 0x0000021c1c1a0000)
 Next Bits: [0x0000021c183c0000, 0x0000021c1a2b0000)

Polling page: 0x0000021c7ede0000

Metaspace:

Usage:
  Non-class:     62.40 MB used.
      Class:     10.07 MB used.
       Both:     72.47 MB used.

Virtual space:
  Non-class space:       64.00 MB reserved,      62.69 MB ( 98%) committed,  1 nodes.
      Class space:        1.00 GB reserved,      10.38 MB (  1%) committed,  1 nodes.
             Both:        1.06 GB reserved,      73.06 MB (  7%) committed. 

Chunk freelists:
   Non-Class:  464.00 KB
       Class:  5.62 MB
        Both:  6.08 MB

MaxMetaspaceSize: unlimited
CompressedClassSpaceSize: 1.00 GB
Initial GC threshold: 21.00 MB
Current GC threshold: 98.06 MB
CDS: on
MetaspaceReclaimPolicy: balanced
 - commit_granule_bytes: 65536.
 - commit_granule_words: 8192.
 - virtual_space_node_default_size: 8388608.
 - enlarge_chunks_in_place: 1.
 - new_chunks_are_fully_committed: 0.
 - uncommit_free_chunks: 1.
 - use_allocation_guard: 0.
 - handle_deallocations: 1.


Internal statistics:

num_allocs_failed_limit: 9.
num_arena_births: 748.
num_arena_deaths: 0.
num_vsnodes_births: 2.
num_vsnodes_deaths: 0.
num_space_committed: 1169.
num_space_uncommitted: 0.
num_chunks_returned_to_freelist: 9.
num_chunks_taken_from_freelist: 3373.
num_chunk_merges: 9.
num_chunk_splits: 2469.
num_chunks_enlarged: 1968.
num_inconsistent_stats: 0.

CodeHeap 'non-profiled nmethods': size=120000Kb used=4222Kb max_used=4222Kb free=115777Kb
 bounds [0x0000021c106d0000, 0x0000021c10af0000, 0x0000021c17c00000]
CodeHeap 'profiled nmethods': size=120000Kb used=10578Kb max_used=10578Kb free=109421Kb
 bounds [0x0000021c08c00000, 0x0000021c09660000, 0x0000021c10130000]
CodeHeap 'non-nmethods': size=5760Kb used=1352Kb max_used=1400Kb free=4407Kb
 bounds [0x0000021c10130000, 0x0000021c103a0000, 0x0000021c106d0000]
 total_blobs=6545 nmethods=5873 adapters=582
 compilation: enabled
              stopped_count=0, restarted_count=0
 full_count=0

Compilation events (20 events):
Event: 260.781 Thread 0x0000021c1e9e2710 nmethod 6735 0x0000021c0964c590 code [0x0000021c0964c840, 0x0000021c0964d7d8]
Event: 260.781 Thread 0x0000021c1e9e2710 6736       1       org.apache.hc.client5.http.auth.AuthExchange::getState (5 bytes)
Event: 260.781 Thread 0x0000021c1e9e2710 nmethod 6736 0x0000021c10aef190 code [0x0000021c10aef320, 0x0000021c10aef3f8]
Event: 260.790 Thread 0x0000021c1e9e2710 6737       3       org.apache.hc.core5.http.message.HeaderGroup::containsHeader (52 bytes)
Event: 260.790 Thread 0x0000021c1e9e2710 nmethod 6737 0x0000021c0964dd10 code [0x0000021c0964df00, 0x0000021c0964e4f8]
Event: 260.790 Thread 0x0000021c1e9e2710 6738       3       org.apache.hc.core5.util.CharArrayBuffer::append (61 bytes)
Event: 260.790 Thread 0x0000021c1e9e2710 nmethod 6738 0x0000021c0964e710 code [0x0000021c0964e8e0, 0x0000021c0964ec38]
Event: 260.813 Thread 0x0000021c1e9e2710 6739       3       org.apache.hc.core5.http.impl.io.SessionInputBufferImpl::readLine (271 bytes)
Event: 260.819 Thread 0x0000021c1e9e2710 nmethod 6739 0x0000021c0964ee10 code [0x0000021c0964f0c0, 0x0000021c0964ff18]
Event: 260.848 Thread 0x0000021c1e9e2710 6740       3       java.lang.invoke.MethodType::equals (56 bytes)
Event: 260.848 Thread 0x0000021c1e9e2710 nmethod 6740 0x0000021c09650410 code [0x0000021c09650640, 0x0000021c096511d8]
Event: 260.910 Thread 0x0000021c1e9d7c30 6741       4       java.lang.invoke.MethodType::makeImpl (109 bytes)
Event: 260.959 Thread 0x0000021c1e9e2710 6742       3       java.net.NetworkInterface$1::hasMoreElements (18 bytes)
Event: 260.960 Thread 0x0000021c1e9e2710 nmethod 6742 0x0000021c09651390 code [0x0000021c09651520, 0x0000021c09651698]
Event: 260.960 Thread 0x0000021c1e9e2710 6743       3       java.net.NetworkInterface$1::nextElement (37 bytes)
Event: 260.960 Thread 0x0000021c1e9e2710 nmethod 6743 0x0000021c09651790 code [0x0000021c09651940, 0x0000021c09651b88]
Event: 260.969 Thread 0x0000021c1e9e2710 6744       1       org.apache.tomcat.util.net.Acceptor::getState (5 bytes)
Event: 260.969 Thread 0x0000021c1e9e2710 nmethod 6744 0x0000021c10aef490 code [0x0000021c10aef620, 0x0000021c10aef6f8]
Event: 260.971 Thread 0x0000021c1e9e2710 6745       1       org.apache.tomcat.util.net.AbstractEndpoint::isPaused (5 bytes)
Event: 260.971 Thread 0x0000021c1e9e2710 nmethod 6745 0x0000021c10aef790 code [0x0000021c10aef920, 0x0000021c10aef9f8]

GC Heap History (20 events):
Event: 3.748 GC heap before
{Heap before GC invocations=7 (full 0):
 garbage-first heap   total 65536K, used 44279K [0x0000000084400000, 0x0000000100000000)
  region size 1024K, 25 young (25600K), 1 survivors (1024K)
 Metaspace       used 28910K, committed 29312K, reserved 1114112K
  class space    used 3845K, committed 4032K, reserved 1048576K
}
Event: 3.750 GC heap after
{Heap after GC invocations=8 (full 0):
 garbage-first heap   total 65536K, used 20825K [0x0000000084400000, 0x0000000100000000)
  region size 1024K, 2 young (2048K), 2 survivors (2048K)
 Metaspace       used 28910K, committed 29312K, reserved 1114112K
  class space    used 3845K, committed 4032K, reserved 1048576K
}
Event: 4.387 GC heap before
{Heap before GC invocations=8 (full 0):
 garbage-first heap   total 65536K, used 46425K [0x0000000084400000, 0x0000000100000000)
  region size 1024K, 27 young (27648K), 2 survivors (2048K)
 Metaspace       used 32779K, committed 33152K, reserved 1114112K
  class space    used 4386K, committed 4544K, reserved 1048576K
}
Event: 4.390 GC heap after
{Heap after GC invocations=9 (full 0):
 garbage-first heap   total 65536K, used 23178K [0x0000000084400000, 0x0000000100000000)
  region size 1024K, 4 young (4096K), 4 survivors (4096K)
 Metaspace       used 32779K, committed 33152K, reserved 1114112K
  class space    used 4386K, committed 4544K, reserved 1048576K
}
Event: 4.785 GC heap before
{Heap before GC invocations=9 (full 0):
 garbage-first heap   total 65536K, used 52874K [0x0000000084400000, 0x0000000100000000)
  region size 1024K, 28 young (28672K), 4 survivors (4096K)
 Metaspace       used 34955K, committed 35392K, reserved 1114112K
  class space    used 4618K, committed 4800K, reserved 1048576K
}
Event: 4.789 GC heap after
{Heap after GC invocations=10 (full 0):
 garbage-first heap   total 65536K, used 26806K [0x0000000084400000, 0x0000000100000000)
  region size 1024K, 4 young (4096K), 4 survivors (4096K)
 Metaspace       used 34955K, committed 35392K, reserved 1114112K
  class space    used 4618K, committed 4800K, reserved 1048576K
}
Event: 4.896 GC heap before
{Heap before GC invocations=10 (full 0):
 garbage-first heap   total 65536K, used 33974K [0x0000000084400000, 0x0000000100000000)
  region size 1024K, 12 young (12288K), 4 survivors (4096K)
 Metaspace       used 35521K, committed 35968K, reserved 1114112K
  class space    used 4696K, committed 4864K, reserved 1048576K
}
Event: 4.899 GC heap after
{Heap after GC invocations=11 (full 0):
 garbage-first heap   total 81920K, used 27326K [0x0000000084400000, 0x0000000100000000)
  region size 1024K, 1 young (1024K), 1 survivors (1024K)
 Metaspace       used 35521K, committed 35968K, reserved 1114112K
  class space    used 4696K, committed 4864K, reserved 1048576K
}
Event: 5.968 GC heap before
{Heap before GC invocations=12 (full 0):
 garbage-first heap   total 81920K, used 61118K [0x0000000084400000, 0x0000000100000000)
  region size 1024K, 34 young (34816K), 1 survivors (1024K)
 Metaspace       used 43919K, committed 44416K, reserved 1114112K
  class space    used 5977K, committed 6208K, reserved 1048576K
}
Event: 5.971 GC heap after
{Heap after GC invocations=13 (full 0):
 garbage-first heap   total 81920K, used 28966K [0x0000000084400000, 0x0000000100000000)
  region size 1024K, 3 young (3072K), 3 survivors (3072K)
 Metaspace       used 43919K, committed 44416K, reserved 1114112K
  class space    used 5977K, committed 6208K, reserved 1048576K
}
Event: 6.705 GC heap before
{Heap before GC invocations=13 (full 0):
 garbage-first heap   total 81920K, used 60710K [0x0000000084400000, 0x0000000100000000)
  region size 1024K, 35 young (35840K), 3 survivors (3072K)
 Metaspace       used 52213K, committed 52672K, reserved 1114112K
  class space    used 7112K, committed 7360K, reserved 1048576K
}
Event: 6.708 GC heap after
{Heap after GC invocations=14 (full 0):
 garbage-first heap   total 81920K, used 30578K [0x0000000084400000, 0x0000000100000000)
  region size 1024K, 4 young (4096K), 4 survivors (4096K)
 Metaspace       used 52213K, committed 52672K, reserved 1114112K
  class space    used 7112K, committed 7360K, reserved 1048576K
}
Event: 7.337 GC heap before
{Heap before GC invocations=14 (full 0):
 garbage-first heap   total 81920K, used 60274K [0x0000000084400000, 0x0000000100000000)
  region size 1024K, 34 young (34816K), 4 survivors (4096K)
 Metaspace       used 59606K, committed 60096K, reserved 1114112K
  class space    used 8274K, committed 8512K, reserved 1048576K
}
Event: 7.341 GC heap after
{Heap after GC invocations=15 (full 0):
 garbage-first heap   total 81920K, used 32458K [0x0000000084400000, 0x0000000100000000)
  region size 1024K, 4 young (4096K), 4 survivors (4096K)
 Metaspace       used 59606K, committed 60096K, reserved 1114112K
  class space    used 8274K, committed 8512K, reserved 1048576K
}
Event: 8.057 GC heap before
{Heap before GC invocations=16 (full 0):
 garbage-first heap   total 81920K, used 64202K [0x0000000084400000, 0x0000000100000000)
  region size 1024K, 35 young (35840K), 4 survivors (4096K)
 Metaspace       used 64351K, committed 64896K, reserved 1114112K
  class space    used 8968K, committed 9216K, reserved 1048576K
}
Event: 8.061 GC heap after
{Heap after GC invocations=17 (full 0):
 garbage-first heap   total 81920K, used 35561K [0x0000000084400000, 0x0000000100000000)
  region size 1024K, 5 young (5120K), 5 survivors (5120K)
 Metaspace       used 64351K, committed 64896K, reserved 1114112K
  class space    used 8968K, committed 9216K, reserved 1048576K
}
Event: 8.965 GC heap before
{Heap before GC invocations=17 (full 0):
 garbage-first heap   total 81920K, used 64233K [0x0000000084400000, 0x0000000100000000)
  region size 1024K, 33 young (33792K), 5 survivors (5120K)
 Metaspace       used 66945K, committed 67456K, reserved 1114112K
  class space    used 9353K, committed 9600K, reserved 1048576K
}
Event: 8.969 GC heap after
{Heap after GC invocations=18 (full 0):
 garbage-first heap   total 81920K, used 37653K [0x0000000084400000, 0x0000000100000000)
  region size 1024K, 3 young (3072K), 3 survivors (3072K)
 Metaspace       used 66945K, committed 67456K, reserved 1114112K
  class space    used 9353K, committed 9600K, reserved 1048576K
}
Event: 9.550 GC heap before
{Heap before GC invocations=18 (full 0):
 garbage-first heap   total 81920K, used 65301K [0x0000000084400000, 0x0000000100000000)
  region size 1024K, 30 young (30720K), 3 survivors (3072K)
 Metaspace       used 73689K, committed 74240K, reserved 1114112K
  class space    used 10254K, committed 10496K, reserved 1048576K
}
Event: 9.554 GC heap after
{Heap after GC invocations=19 (full 0):
 garbage-first heap   total 81920K, used 41609K [0x0000000084400000, 0x0000000100000000)
  region size 1024K, 4 young (4096K), 4 survivors (4096K)
 Metaspace       used 73689K, committed 74240K, reserved 1114112K
  class space    used 10254K, committed 10496K, reserved 1048576K
}

Deoptimization events (20 events):
Event: 39.540 Thread 0x0000021c67286590 Uncommon trap: trap_request=0xffffffde fr.pc=0x0000021c108384d4 relative=0x00000000000011d4
Event: 39.540 Thread 0x0000021c67286590 Uncommon trap: reason=class_check action=maybe_recompile pc=0x0000021c108384d4 method=java.util.zip.InflaterInputStream.read([BII)I @ 100 c2
Event: 39.540 Thread 0x0000021c67286590 DEOPT PACKING pc=0x0000021c108384d4 sp=0x00000027796fe680
Event: 39.540 Thread 0x0000021c67286590 DEOPT UNPACKING pc=0x0000021c10185ba3 sp=0x00000027796fe6d0 mode 2
Event: 39.541 Thread 0x0000021c67286590 Uncommon trap: trap_request=0xffffffde fr.pc=0x0000021c108384d4 relative=0x00000000000011d4
Event: 39.541 Thread 0x0000021c67286590 Uncommon trap: reason=class_check action=maybe_recompile pc=0x0000021c108384d4 method=java.util.zip.InflaterInputStream.read([BII)I @ 100 c2
Event: 39.541 Thread 0x0000021c67286590 DEOPT PACKING pc=0x0000021c108384d4 sp=0x00000027796fd680
Event: 39.541 Thread 0x0000021c67286590 DEOPT UNPACKING pc=0x0000021c10185ba3 sp=0x00000027796fd6d0 mode 2
Event: 69.557 Thread 0x0000021c67286590 Uncommon trap: trap_request=0xffffffc6 fr.pc=0x0000021c1085de44 relative=0x00000000000016e4
Event: 69.557 Thread 0x0000021c67286590 Uncommon trap: reason=bimorphic_or_optimized_type_check action=maybe_recompile pc=0x0000021c1085de44 method=java.util.concurrent.ConcurrentHashMap.putVal(Ljava/lang/Object;Ljava/lang/Object;Z)Ljava/lang/Object; @ 159 c2
Event: 69.557 Thread 0x0000021c67286590 DEOPT PACKING pc=0x0000021c1085de44 sp=0x00000027796fe5b0
Event: 69.558 Thread 0x0000021c67286590 DEOPT UNPACKING pc=0x0000021c10185ba3 sp=0x00000027796fe540 mode 2
Event: 69.558 Thread 0x0000021c67286590 Uncommon trap: trap_request=0xffffff45 fr.pc=0x0000021c1088d308 relative=0x0000000000000268
Event: 69.558 Thread 0x0000021c67286590 Uncommon trap: reason=unstable_if action=reinterpret pc=0x0000021c1088d308 method=java.lang.invoke.MethodType.equals(Ljava/lang/Object;)Z @ 11 c2
Event: 69.559 Thread 0x0000021c67286590 DEOPT PACKING pc=0x0000021c1088d308 sp=0x00000027796fe490
Event: 69.560 Thread 0x0000021c67286590 DEOPT UNPACKING pc=0x0000021c10185ba3 sp=0x00000027796fe458 mode 2
Event: 69.560 Thread 0x0000021c67286590 Uncommon trap: trap_request=0xffffff54 fr.pc=0x0000021c1094c1b4 relative=0x0000000000004db4
Event: 69.560 Thread 0x0000021c67286590 Uncommon trap: reason=speculate_null_assert action=make_not_entrant pc=0x0000021c1094c1b4 method=java.lang.invoke.MethodType$ConcurrentWeakInternSet.add(Ljava/lang/Object;)Ljava/lang/Object; @ 47 c2
Event: 69.560 Thread 0x0000021c67286590 DEOPT PACKING pc=0x0000021c1094c1b4 sp=0x00000027796fe670
Event: 69.561 Thread 0x0000021c67286590 DEOPT UNPACKING pc=0x0000021c10185ba3 sp=0x00000027796fe608 mode 2

Classes unloaded (0 events):
No events

Classes redefined (0 events):
No events

Internal exceptions (20 events):
Event: 7.541 Thread 0x0000021c1e9eef20 Exception <a 'java/lang/IncompatibleClassChangeError'{0x0000000088958860}: Found class java.lang.Object, but interface was expected> (0x0000000088958860) 
thrown [s\open\src\hotspot\share\interpreter\linkResolver.cpp, line 826]
Event: 7.589 Thread 0x0000021c1e9eef20 Exception <a 'java/lang/reflect/InvocationTargetException'{0x00000000887b4dc0}> (0x00000000887b4dc0) 
thrown [s\open\src\hotspot\share\runtime\reflection.cpp, line 1121]
Event: 7.596 Thread 0x0000021c1e9eef20 Exception <a 'java/lang/NoSuchMethodError'{0x0000000088618f48}: 'int java.lang.invoke.DirectMethodHandle$Holder.invokeStatic(java.lang.Object, java.lang.Object, int)'> (0x0000000088618f48) 
thrown [s\open\src\hotspot\share\interpreter\linkResolver.cpp, line 759]
Event: 7.613 Thread 0x0000021c1e9eef20 Exception <a 'java/lang/IncompatibleClassChangeError'{0x000000008865e9d8}: Found class java.lang.Object, but interface was expected> (0x000000008865e9d8) 
thrown [s\open\src\hotspot\share\interpreter\linkResolver.cpp, line 826]
Event: 7.657 Thread 0x0000021c1e9eef20 Exception <a 'java/lang/NoSuchMethodError'{0x0000000088408178}: 'java.lang.Object java.lang.invoke.DirectMethodHandle$Holder.invokeStatic(java.lang.Object, int, java.lang.Object)'> (0x0000000088408178) 
thrown [s\open\src\hotspot\share\interpreter\linkResolver.cpp, line 759]
Event: 7.697 Thread 0x0000021c1e9eef20 Exception <a 'java/lang/NoSuchMethodError'{0x0000000088230f58}: 'java.lang.Object java.lang.invoke.DirectMethodHandle$Holder.invokeInterface(java.lang.Object, java.lang.Object, java.lang.Object, java.lang.Object)'> (0x0000000088230f58) 
thrown [s\open\src\hotspot\share\interpreter\linkResolver.cpp, line 759]
Event: 8.010 Thread 0x0000021c1e9eef20 Exception <a 'sun/nio/fs/WindowsException'{0x00000000877d8d10}> (0x00000000877d8d10) 
thrown [s\open\src\hotspot\share\prims\jni.cpp, line 516]
Event: 8.080 Thread 0x0000021c1e9eef20 Exception <a 'java/lang/IncompatibleClassChangeError'{0x000000008ab3b690}: Found class java.lang.Object, but interface was expected> (0x000000008ab3b690) 
thrown [s\open\src\hotspot\share\interpreter\linkResolver.cpp, line 826]
Event: 8.097 Thread 0x0000021c1e9eef20 Implicit null exception at 0x0000021c107f1dbd to 0x0000021c107f1e76
Event: 8.126 Thread 0x0000021c1e9eef20 Exception <a 'java/lang/NoSuchMethodError'{0x000000008aae3fc8}: 'void java.lang.invoke.DirectMethodHandle$Holder.invokeVirtual(java.lang.Object, java.lang.Object, long)'> (0x000000008aae3fc8) 
thrown [s\open\src\hotspot\share\interpreter\linkResolver.cpp, line 759]
Event: 8.216 Thread 0x0000021c1e9eef20 Exception <a 'java/lang/IncompatibleClassChangeError'{0x0000000088b81298}: Found class java.lang.Object, but interface was expected> (0x0000000088b81298) 
thrown [s\open\src\hotspot\share\interpreter\linkResolver.cpp, line 826]
Event: 8.224 Thread 0x0000021c1e9eef20 Implicit null exception at 0x0000021c108475ba to 0x0000021c108477ac
Event: 8.346 Thread 0x0000021c1e9eef20 Exception <a 'java/net/BindException'{0x00000000884a7d40}: Address already in use: bind> (0x00000000884a7d40) 
thrown [s\open\src\hotspot\share\prims\jni.cpp, line 535]
Event: 8.346 Thread 0x0000021c1e9eef20 Exception <a 'java/net/SocketException'{0x00000000884a8428}: Socket is not connected: shutdown> (0x00000000884a8428) 
thrown [s\open\src\hotspot\share\prims\jni.cpp, line 535]
Event: 8.925 Thread 0x0000021c1e9eef20 Exception <a 'java/lang/NoSuchMethodError'{0x00000000879a0e90}: 'java.lang.Object java.lang.invoke.DirectMethodHandle$Holder.newInvokeSpecial(java.lang.Object, java.lang.Object, int, java.lang.Object, java.lang.Object)'> (0x00000000879a0e90) 
thrown [s\open\src\hotspot\share\interpreter\linkResolver.cpp, line 759]
Event: 8.926 Thread 0x0000021c1e9eef20 Exception <a 'java/lang/NoSuchMethodError'{0x00000000879ac508}: 'java.lang.Object java.lang.invoke.DirectMethodHandle$Holder.invokeSpecial(java.lang.Object, java.lang.Object, int, java.lang.Object, int, java.lang.Object)'> (0x00000000879ac508) 
thrown [s\open\src\hotspot\share\interpreter\linkResolver.cpp, line 759]
Event: 8.926 Thread 0x0000021c1e9eef20 Exception <a 'java/lang/NoSuchMethodError'{0x00000000879b45b8}: 'java.lang.Object java.lang.invoke.DirectMethodHandle$Holder.newInvokeSpecial(java.lang.Object, java.lang.Object, int, java.lang.Object, int)'> (0x00000000879b45b8) 
thrown [s\open\src\hotspot\share\interpreter\linkResolver.cpp, line 759]
Event: 8.926 Thread 0x0000021c1e9eef20 Exception <a 'java/lang/NoSuchMethodError'{0x00000000879b86b8}: 'java.lang.Object java.lang.invoke.DirectMethodHandle$Holder.invokeSpecial(java.lang.Object, java.lang.Object, java.lang.Object, int, java.lang.Object, int)'> (0x00000000879b86b8) 
thrown [s\open\src\hotspot\share\interpreter\linkResolver.cpp, line 759]
Event: 9.004 Thread 0x0000021c1e9eef20 Exception <a 'java/lang/IncompatibleClassChangeError'{0x000000008bff29f8}: Found class java.lang.Object, but interface was expected> (0x000000008bff29f8) 
thrown [s\open\src\hotspot\share\interpreter\linkResolver.cpp, line 826]
Event: 9.040 Thread 0x0000021c1e9eef20 Implicit null exception at 0x0000021c1087a58e to 0x0000021c1087ad4c

VM Operations (20 events):
Event: 172.723 Executing VM operation: Cleanup
Event: 172.723 Executing VM operation: Cleanup done
Event: 187.871 Executing VM operation: Cleanup
Event: 187.871 Executing VM operation: Cleanup done
Event: 189.891 Executing VM operation: Cleanup
Event: 189.892 Executing VM operation: Cleanup done
Event: 192.916 Executing VM operation: Cleanup
Event: 192.916 Executing VM operation: Cleanup done
Event: 195.943 Executing VM operation: Cleanup
Event: 195.943 Executing VM operation: Cleanup done
Event: 205.032 Executing VM operation: Cleanup
Event: 205.032 Executing VM operation: Cleanup done
Event: 220.199 Executing VM operation: Cleanup
Event: 220.199 Executing VM operation: Cleanup done
Event: 241.409 Executing VM operation: Cleanup
Event: 241.409 Executing VM operation: Cleanup done
Event: 250.508 Executing VM operation: Cleanup
Event: 250.509 Executing VM operation: Cleanup done
Event: 255.554 Executing VM operation: Cleanup
Event: 255.554 Executing VM operation: Cleanup done

Events (20 events):
Event: 9.755 loading class com/sun/beans/util/Cache$Kind$3 done
Event: 9.755 loading class com/sun/beans/util/Cache$CacheEntry
Event: 9.755 loading class com/sun/beans/util/Cache$CacheEntry done
Event: 9.756 Thread 0x0000021c1e9ed5d0 Thread exited: 0x0000021c1e9ed5d0
Event: 9.756 Thread 0x0000021c7e98b4d0 Thread exited: 0x0000021c7e98b4d0
Event: 9.756 Thread 0x0000021c672874c0 Thread added: 0x0000021c672874c0
Event: 9.979 Thread 0x0000021c66814f30 Thread exited: 0x0000021c66814f30
Event: 12.284 Thread 0x0000021c6666b060 Thread exited: 0x0000021c6666b060
Event: 39.516 Thread 0x0000021c67286080 Thread added: 0x0000021c67286080
Event: 39.516 Thread 0x0000021c67286590 Thread added: 0x0000021c67286590
Event: 260.566 loading class jdk/internal/misc/Signal$1
Event: 260.580 loading class jdk/internal/misc/Signal$1 done
Event: 260.586 Thread 0x0000021c672879d0 Thread added: 0x0000021c672879d0
Event: 260.592 Thread 0x0000021c67286aa0 Thread added: 0x0000021c67286aa0
Event: 260.592 Thread 0x0000021c67289320 Thread added: 0x0000021c67289320
Event: 260.611 Thread 0x0000021c67286aa0 Thread exited: 0x0000021c67286aa0
Event: 260.977 loading class java/util/concurrent/locks/AbstractQueuedSynchronizer$SharedNode
Event: 260.978 Thread 0x0000021c67286fb0 Thread exited: 0x0000021c67286fb0
Event: 260.980 loading class java/util/concurrent/locks/AbstractQueuedSynchronizer$SharedNode done
Event: 260.992 Thread 0x0000021c1e9ecbb0 Thread exited: 0x0000021c1e9ecbb0


Dynamic libraries:
0x00007ff745e40000 - 0x00007ff745e50000 	C:\Program Files\Java\jdk-17\bin\java.exe
0x00007ff85c970000 - 0x00007ff85cb87000 	C:\WINDOWS\SYSTEM32\ntdll.dll
0x00007ff8197a0000 - 0x00007ff8197c0000 	C:\Program Files\Avast Software\Avast\aswhook.dll
0x00007ff85a600000 - 0x00007ff85a6c4000 	C:\WINDOWS\System32\KERNEL32.DLL
0x00007ff859b80000 - 0x00007ff859f53000 	C:\WINDOWS\System32\KERNELBASE.dll
0x00007ff85a2b0000 - 0x00007ff85a3c1000 	C:\WINDOWS\System32\ucrtbase.dll
0x00007ff84d300000 - 0x00007ff84d319000 	C:\Program Files\Java\jdk-17\bin\jli.dll
0x00007ff84f870000 - 0x00007ff84f88b000 	C:\Program Files\Java\jdk-17\bin\VCRUNTIME140.dll
0x00007ff85c760000 - 0x00007ff85c811000 	C:\WINDOWS\System32\ADVAPI32.dll
0x00007ff85b180000 - 0x00007ff85b227000 	C:\WINDOWS\System32\msvcrt.dll
0x00007ff85a760000 - 0x00007ff85a807000 	C:\WINDOWS\System32\sechost.dll
0x00007ff85a3d0000 - 0x00007ff85a3f8000 	C:\WINDOWS\System32\bcrypt.dll
0x00007ff85a930000 - 0x00007ff85aa44000 	C:\WINDOWS\System32\RPCRT4.dll
0x00007ff85abc0000 - 0x00007ff85ad71000 	C:\WINDOWS\System32\USER32.dll
0x00007ff85a200000 - 0x00007ff85a226000 	C:\WINDOWS\System32\win32u.dll
0x00007ff85aa50000 - 0x00007ff85aa79000 	C:\WINDOWS\System32\GDI32.dll
0x00007ff859f60000 - 0x00007ff85a082000 	C:\WINDOWS\System32\gdi32full.dll
0x00007ff859ae0000 - 0x00007ff859b7a000 	C:\WINDOWS\System32\msvcp_win.dll
0x00007ff84a4e0000 - 0x00007ff84a77b000 	C:\WINDOWS\WinSxS\amd64_microsoft.windows.common-controls_6595b64144ccf1df_6.0.22621.5262_none_2712bde373830908\COMCTL32.dll
0x00007ff84ca10000 - 0x00007ff84ca1a000 	C:\WINDOWS\SYSTEM32\VERSION.dll
0x00007ff85ab00000 - 0x00007ff85ab31000 	C:\WINDOWS\System32\IMM32.DLL
0x00007ff849d00000 - 0x00007ff849d0c000 	C:\Program Files\Java\jdk-17\bin\vcruntime140_1.dll
0x00007ff839800000 - 0x00007ff83988e000 	C:\Program Files\Java\jdk-17\bin\msvcp140.dll
0x00007fffb9040000 - 0x00007fffb9c20000 	C:\Program Files\Java\jdk-17\bin\server\jvm.dll
0x00007ff85b120000 - 0x00007ff85b128000 	C:\WINDOWS\System32\PSAPI.DLL
0x00007ff851e50000 - 0x00007ff851e84000 	C:\WINDOWS\SYSTEM32\WINMM.dll
0x00007ff8426c0000 - 0x00007ff8426c9000 	C:\WINDOWS\SYSTEM32\WSOCK32.dll
0x00007ff85c6e0000 - 0x00007ff85c751000 	C:\WINDOWS\System32\ws2_32.DLL
0x00007ff858ad0000 - 0x00007ff858ae8000 	C:\WINDOWS\SYSTEM32\kernel.appcore.dll
0x00007ff848700000 - 0x00007ff84870a000 	C:\Program Files\Java\jdk-17\bin\jimage.dll
0x00007ff8573f0000 - 0x00007ff857622000 	C:\WINDOWS\SYSTEM32\DBGHELP.DLL
0x00007ff85b8e0000 - 0x00007ff85bc73000 	C:\WINDOWS\System32\combase.dll
0x00007ff85af70000 - 0x00007ff85b047000 	C:\WINDOWS\System32\OLEAUT32.dll
0x00007ff847a00000 - 0x00007ff847a32000 	C:\WINDOWS\SYSTEM32\dbgcore.DLL
0x00007ff859a60000 - 0x00007ff859adb000 	C:\WINDOWS\System32\bcryptPrimitives.dll
0x00007ff843d10000 - 0x00007ff843d1e000 	C:\Program Files\Java\jdk-17\bin\instrument.dll
0x00007ff843d60000 - 0x00007ff843d85000 	C:\Program Files\Java\jdk-17\bin\java.dll
0x00007ff81b880000 - 0x00007ff81b957000 	C:\Program Files\Java\jdk-17\bin\jsvml.dll
0x00007ff85be40000 - 0x00007ff85c6dd000 	C:\WINDOWS\System32\SHELL32.dll
0x00007ff85a4c0000 - 0x00007ff85a5ff000 	C:\WINDOWS\System32\wintypes.dll
0x00007ff857950000 - 0x00007ff85826d000 	C:\WINDOWS\SYSTEM32\windows.storage.dll
0x00007ff85c820000 - 0x00007ff85c92b000 	C:\WINDOWS\System32\SHCORE.dll
0x00007ff85b810000 - 0x00007ff85b876000 	C:\WINDOWS\System32\shlwapi.dll
0x00007ff859990000 - 0x00007ff8599bb000 	C:\WINDOWS\SYSTEM32\profapi.dll
0x00007ff8434e0000 - 0x00007ff8434f8000 	C:\Program Files\Java\jdk-17\bin\zip.dll
0x00007ff843a50000 - 0x00007ff843a69000 	C:\Program Files\Java\jdk-17\bin\net.dll
0x00007ff8530a0000 - 0x00007ff8531cc000 	C:\WINDOWS\SYSTEM32\WINHTTP.dll
0x00007ff858f80000 - 0x00007ff858fea000 	C:\WINDOWS\system32\mswsock.dll
0x00007ff843a30000 - 0x00007ff843a46000 	C:\Program Files\Java\jdk-17\bin\nio.dll
0x00007ff83c570000 - 0x00007ff83c58a000 	C:\Users\jorda\AppData\Local\JetBrains\IntelliJ IDEA Community Edition 2024.1.1\bin\breakgen64.dll
0x00007ff8486f0000 - 0x00007ff8486fa000 	C:\Program Files\Java\jdk-17\bin\management.dll
0x00007ff848330000 - 0x00007ff84833b000 	C:\Program Files\Java\jdk-17\bin\management_ext.dll
0x00007ff8584d0000 - 0x00007ff8584fd000 	C:\WINDOWS\SYSTEM32\IPHLPAPI.DLL
0x00007ff85ab40000 - 0x00007ff85ab49000 	C:\WINDOWS\System32\NSI.dll
0x00007ff84fce0000 - 0x00007ff84fcf9000 	C:\WINDOWS\SYSTEM32\dhcpcsvc6.DLL
0x00007ff84fc10000 - 0x00007ff84fc2f000 	C:\WINDOWS\SYSTEM32\dhcpcsvc.DLL
0x00007ff858540000 - 0x00007ff858638000 	C:\WINDOWS\SYSTEM32\DNSAPI.dll
0x00007ff84e080000 - 0x00007ff84e08a000 	C:\Windows\System32\rasadhlp.dll
0x00007ff84e9b0000 - 0x00007ff84ea33000 	C:\WINDOWS\System32\fwpuclnt.dll
0x00007ff848180000 - 0x00007ff84818e000 	C:\Program Files\Java\jdk-17\bin\sunmscapi.dll
0x00007ff85a090000 - 0x00007ff85a1f7000 	C:\WINDOWS\System32\CRYPT32.dll
0x00007ff859420000 - 0x00007ff85944d000 	C:\WINDOWS\SYSTEM32\ncrypt.dll
0x00007ff8593e0000 - 0x00007ff859417000 	C:\WINDOWS\SYSTEM32\NTASN1.dll
0x00007ff859260000 - 0x00007ff85927b000 	C:\WINDOWS\SYSTEM32\CRYPTSP.dll
0x00007ff8589c0000 - 0x00007ff8589f7000 	C:\WINDOWS\system32\rsaenh.dll
0x00007ff8590e0000 - 0x00007ff859108000 	C:\WINDOWS\SYSTEM32\USERENV.dll
0x00007ff859280000 - 0x00007ff85928c000 	C:\WINDOWS\SYSTEM32\CRYPTBASE.dll
0x00007ff843ab0000 - 0x00007ff843ac0000 	C:\Program Files\Java\jdk-17\bin\verify.dll
0x00007ff842b40000 - 0x00007ff842b48000 	C:\WINDOWS\system32\wshunix.dll

dbghelp: loaded successfully - version: 4.0.5 - missing functions: none
symbol engine: initialized successfully - sym options: 0x614 - pdb path: .;C:\Program Files\Java\jdk-17\bin;C:\WINDOWS\SYSTEM32;C:\Program Files\Avast Software\Avast;C:\WINDOWS\WinSxS\amd64_microsoft.windows.common-controls_6595b64144ccf1df_6.0.22621.5262_none_2712bde373830908;C:\Program Files\Java\jdk-17\bin\server;C:\Users\jorda\AppData\Local\JetBrains\IntelliJ IDEA Community Edition 2024.1.1\bin

VM Arguments:
jvm_args: -javaagent:C:\Users\jorda\AppData\Local\JetBrains\IntelliJ IDEA Community Edition 2024.1.1\lib\idea_rt.jar=64063:C:\Users\jorda\AppData\Local\JetBrains\IntelliJ IDEA Community Edition 2024.1.1\bin -Dfile.encoding=UTF-8 
java_command: com.jordan.checklistvehicle.ChecklistVehicleApplication
java_class_path (initial): C:\Users\jorda\ms-atividadeDiaria\checklist-vehicle\checklist-vehicle\target\classes;C:\Users\jorda\.m2\repository\org\springframework\boot\spring-boot-starter-data-jpa\3.3.0\spring-boot-starter-data-jpa-3.3.0.jar;C:\Users\jorda\.m2\repository\org\springframework\boot\spring-boot-starter-aop\3.3.0\spring-boot-starter-aop-3.3.0.jar;C:\Users\jorda\.m2\repository\org\springframework\spring-aop\6.1.8\spring-aop-6.1.8.jar;C:\Users\jorda\.m2\repository\org\aspectj\aspectjweaver\1.9.22\aspectjweaver-1.9.22.jar;C:\Users\jorda\.m2\repository\org\springframework\boot\spring-boot-starter-jdbc\3.3.0\spring-boot-starter-jdbc-3.3.0.jar;C:\Users\jorda\.m2\repository\com\zaxxer\HikariCP\5.1.0\HikariCP-5.1.0.jar;C:\Users\jorda\.m2\repository\org\springframework\spring-jdbc\6.1.8\spring-jdbc-6.1.8.jar;C:\Users\jorda\.m2\repository\org\hibernate\orm\hibernate-core\6.5.2.Final\hibernate-core-6.5.2.Final.jar;C:\Users\jorda\.m2\repository\jakarta\persistence\jakarta.persistence-api\3.1.0\jakarta.persistence-api-3.1.0.jar;C:\Users\jorda\.m2\repository\jakarta\transaction\jakarta.transaction-api\2.0.1\jakarta.transaction-api-2.0.1.jar;C:\Users\jorda\.m2\repository\org\jboss\logging\jboss-logging\3.5.3.Final\jboss-logging-3.5.3.Final.jar;C:\Users\jorda\.m2\repository\org\hibernate\common\hibernate-commons-annotations\6.0.6.Final\hibernate-commons-annotations-6.0.6.Final.jar;C:\Users\jorda\.m2\repository\io\smallrye\jandex\3.1.2\jandex-3.1.2.jar;C:\Users\jorda\.m2\repository\com\fasterxml\classmate\1.7.0\classmate-1.7.0.jar;C:\Users\jorda\.m2\repository\net\bytebuddy\byte-buddy\1.14.16\byte-buddy-1.14.16.jar;C:\Users\jorda\.m2\repository\org\glassfish\jaxb\jaxb-runtime\4.0.5\jaxb-runtime-4.0.5.jar;C:\Users\jorda\.m2\repository\org\glassfish\jaxb\jaxb-core\4.0.5\jaxb-core-4.0.5.jar;C:\Users\jorda\.m2\repository\org\eclipse\angus\angus-activation\2.0.2\angus-activation-2.0.2.jar;C:\Users\jorda\.m2\repository\org\glassfish\jaxb\txw2\4.0.5\txw2-4.0.5.jar;C:\Users\jor
Launcher Type: SUN_STANDARD

[Global flags]
     intx CICompilerCount                          = 4                                         {product} {ergonomic}
     uint ConcGCThreads                            = 2                                         {product} {ergonomic}
     uint G1ConcRefinementThreads                  = 8                                         {product} {ergonomic}
   size_t G1HeapRegionSize                         = 1048576                                   {product} {ergonomic}
    uintx GCDrainStackTargetSize                   = 64                                        {product} {ergonomic}
   size_t InitialHeapSize                          = 130023424                                 {product} {ergonomic}
   size_t MarkStackSize                            = 4194304                                   {product} {ergonomic}
   size_t MaxHeapSize                              = 2076180480                                {product} {ergonomic}
   size_t MaxNewSize                               = 1245708288                                {product} {ergonomic}
   size_t MinHeapDeltaBytes                        = 1048576                                   {product} {ergonomic}
   size_t MinHeapSize                              = 8388608                                   {product} {ergonomic}
    uintx NonNMethodCodeHeapSize                   = 5839372                                {pd product} {ergonomic}
    uintx NonProfiledCodeHeapSize                  = 122909434                              {pd product} {ergonomic}
    uintx ProfiledCodeHeapSize                     = 122909434                              {pd product} {ergonomic}
    uintx ReservedCodeCacheSize                    = 251658240                              {pd product} {ergonomic}
     bool SegmentedCodeCache                       = true                                      {product} {ergonomic}
   size_t SoftMaxHeapSize                          = 2076180480                             {manageable} {ergonomic}
     bool UseCompressedClassPointers               = true                           {product lp64_product} {ergonomic}
     bool UseCompressedOops                        = true                           {product lp64_product} {ergonomic}
     bool UseG1GC                                  = true                                      {product} {ergonomic}
     bool UseLargePagesIndividualAllocation        = false                                  {pd product} {ergonomic}

Logging:
Log output configuration:
 #0: stdout all=warning uptime,level,tags
 #1: stderr all=off uptime,level,tags

Environment Variables:
JAVA_HOME=C:\Program Files\Java\jdk-17
PATH=C:\Program Files\Common Files\Oracle\Java\javapath;C:\WINDOWS\system32;C:\WINDOWS;C:\WINDOWS\System32\Wbem;C:\WINDOWS\System32\WindowsPowerShell\v1.0\;C:\WINDOWS\System32\OpenSSH\;C:\ProgramData\chocolatey\bin;C:\xampp\php;C:\ProgramData\ComposerSetup\bin;C:\Program Files\Docker\Docker\resources\bin;C:\Program Files\nodejs\;C:\Program Files\MySQL\MySQLWorkbench.exe;C:\Program Files\apache-maven-3.9.9\bin;C:\Program Files\Java\jdk-17\bin;C:\Program Files\MySQL\MySQL Server 8.0\bin;C:\Program Files\Git\cmd;C:\Program Files\PostgreSQL\15\bin;C:\Users\jorda\AppData\Local\Microsoft\WindowsApps;;C:\Users\jorda\AppData\Local\Programs\Microsoft VS Code\bin;C:\Users\jorda\AppData\Local\JetBrains\PyCharm Community Edition 2022.3\bin;;C:\Users\jorda\AppData\Roaming\Composer\vendor\bin;C:\Users\jorda\AppData\Roaming\npm;C:\Program Files\JetBrains\PhpStorm 2023.3.4\bin;;C:\Users\jorda\AppData\Local\JetBrains\IntelliJ IDEA Community Edition 2024.1.1\bin;
USERNAME=jorda
OS=Windows_NT
PROCESSOR_IDENTIFIER=Intel64 Family 6 Model 140 Stepping 1, GenuineIntel



---------------  S Y S T E M  ---------------

OS:
 Windows 11 , 64 bit Build 22621 (10.0.22621.5262)
OS uptime: 8 days 19:37 hours
Hyper-V role detected

CPU: total 8 (initial active 8) (4 cores per cpu, 2 threads per core) family 6 model 140 stepping 1 microcode 0x8a, cx8, cmov, fxsr, ht, mmx, 3dnowpref, sse, sse2, sse3, ssse3, sse4.1, sse4.2, popcnt, lzcnt, tsc, tscinvbit, avx, avx2, aes, erms, clmul, bmi1, bmi2, adx, avx512f, avx512dq, avx512cd, avx512bw, avx512vl, sha, fma, vzeroupper, avx512_vpopcntdq, avx512_vpclmulqdq, avx512_vaes, avx512_vnni, clflush, clflushopt, clwb, avx512_vbmi2, avx512_vbmi, hv

Memory: 4k page, system-wide physical 7915M (78M free)
TotalPageFile size 32491M (AvailPageFile size 2M)
current process WorkingSet (physical memory assigned to process): 80M, peak: 299M
current process commit charge ("private bytes"): 303M, peak: 338M

vm_info: Java HotSpot(TM) 64-Bit Server VM (17.0.11+7-LTS-207) for windows-amd64 JRE (17.0.11+7-LTS-207), built on Mar 11 2024 19:01:50 by "mach5one" with MS VC++ 17.6 (VS2022)

END.
